<?xml version="1.0" encoding="UTF-8"?>
<!-- Generated by org.testng.reporters.JUnitXMLReporter -->
<testsuite ignored="0" hostname="DESKTOP-U9P7CCI" failures="0" tests="2" name="Intelligence Bank Contact Test" time="54.051" errors="0" timestamp="16 Apr 2023 14:09:36 GMT">
  <testcase classname="com.bank.qa.test.ContactPageTest" name="fillInContactForm" time="7.667"/>
  <testcase classname="com.bank.qa.test.ContactPageTest" name="fillInContactForm" time="7.698"/>
</testsuite> <!-- Intelligence Bank Contact Test -->
